<?xml version="1.0" encoding="UTF-8" ?>
<testsuite errors="0" failures="0" hostname="Phylix" name="org.jsoup.helper.DataUtilTest" skipped="0" tests="15" time="0.173" timestamp="2023-09-17T17:08:22">
  <properties>
[...]
</properties>
  <testcase classname="org.jsoup.helper.DataUtilTest" name="firstMetaElementWithCharsetShouldBeUsedForDecoding" time="0.079" />
  <testcase classname="org.jsoup.helper.DataUtilTest" name="secondMetaElementWithContentTypeContainsCharsetParameter" time="0.0" />
  <testcase classname="org.jsoup.helper.DataUtilTest" name="supportsUTF8BOM" time="0.015" />
  <testcase classname="org.jsoup.helper.DataUtilTest" name="generatesMimeBoundaries" time="0.0" />
  <testcase classname="org.jsoup.helper.DataUtilTest" name="discardsSpuriousByteOrderMarkWhenNoCharsetSet" time="0.0" />
  <testcase classname="org.jsoup.helper.DataUtilTest" name="discardsSpuriousByteOrderMark" time="0.003" />
  <testcase classname="org.jsoup.helper.DataUtilTest" name="shouldCorrectCharsetForDuplicateCharsetString" time="0.0" />
  <testcase classname="org.jsoup.helper.DataUtilTest" name="shouldNotThrowExceptionOnEmptyCharset" time="0.0" />
  <testcase classname="org.jsoup.helper.DataUtilTest" name="testCharset" time="0.0" />
  <testcase classname="org.jsoup.helper.DataUtilTest" name="supportsBOMinFiles" time="0.0" />
  <testcase classname="org.jsoup.helper.DataUtilTest" name="testQuotedCharset" time="0.0" />
  <testcase classname="org.jsoup.helper.DataUtilTest" name="wrongMetaCharsetFallback" time="0.0" />
  <testcase classname="org.jsoup.helper.DataUtilTest" name="shouldSelectFirstCharsetOnWeirdMultileCharsetsInMetaTags" time="0.0" />
  <testcase classname="org.jsoup.helper.DataUtilTest" name="shouldReturnNullForIllegalCharsetNames" time="0.0" />
  <testcase classname="org.jsoup.helper.DataUtilTest" name="supportsXmlCharsetDeclaration" time="0.013" />
  <system-out><![CDATA[]]></system-out>
  <system-err><![CDATA[]]></system-err>
</testsuite>
